<?xml version="1.0" encoding="UTF-8"?>
<dlep xmlns:xsi="http://www.w3.org/2001/XMLSchema-instance"
      xmlns:xi="http://www.w3.org/2001/XInclude">

    <version>
        <major>0</major>
        <minor>8</minor>
    </version>

    <field_sizes>
        <signal_length>2</signal_length>
        <signal_id>1</signal_id>
        <data_item_length>1</data_item_length>
        <data_item_id>1</data_item_id>
        <extension_id>1</extension_id>
        <status_code>1</status_code>
    </field_sizes>

    <module>
        <name>core</name>
        <draft>8</draft>

        <!-- Data Items -->

        <data_item>
            <name>Version</name>
            <type>a2_u16</type>
            <id>0</id>
            <metric>false</metric>
        </data_item>

        <data_item>
            <name>Port</name>
            <type>u16</type>
            <id>1</id>
            <metric>false</metric>
        </data_item>

        <data_item>
            <name>Peer_Type</name>
            <type>string</type>
            <id>2</id>
            <metric>false</metric>
        </data_item>

        <data_item>
            <name>MAC_Address</name>
            <type>dlepmac</type>
            <id>3</id>
            <metric>false</metric>
        </data_item>

        <data_item>
            <name>IPv4_Address</name>
            <type>u8_ipv4</type>
            <id>4</id>
            <metric>false</metric>
        </data_item>

        <data_item>
            <name>IPv6_Address</name>
            <type>u8_ipv6</type>
            <id>5</id>
            <metric>false</metric>
        </data_item>

        <data_item>
            <name>Status</name>
            <type>u8_string</type>
            <id>6</id>
            <metric>false</metric>
        </data_item>

        <data_item>
            <name>Heartbeat_Interval</name>
            <type>u32</type>
            <id>7</id>
            <metric>false</metric>
        </data_item>

        <data_item>
            <name>Link_Characteristics_Response_Timer</name>
            <type>u8</type>
            <id>8</id>
            <metric>false</metric>
        </data_item>

        <data_item>
            <name>Credit_Window_Status</name>
            <type>a2_u64</type>
            <id>9</id>
            <metric>false</metric>
        </data_item>

        <data_item>
            <name>Credit_Grant</name>
            <type>u64</type>
            <id>10</id>
            <metric>false</metric>
        </data_item>

        <data_item>
            <name>Credit_Request</name>
            <type>blank</type>
            <id>11</id>
            <metric>false</metric>
        </data_item>

        <data_item>
            <name>IPv4_Attached_Subnet</name>
            <type>ipv4_u8</type>
            <id>13</id>
            <metric>false</metric>
        </data_item>

        <data_item>
            <name>IPv6_Attached_Subnet</name>
            <type>ipv6_u8</type>
            <id>14</id>
            <metric>false</metric>
        </data_item>

        <data_item>
            <name>Extensions_Supported</name>
            <type>v_extid</type>
            <id>15</id>
            <metric>false</metric>
        </data_item>

        <data_item>
            <name>Experimental_Definition</name>
            <type>string</type>
            <id>16</id>
            <metric>false</metric>
        </data_item>

        <data_item>
            <name>Maximum_Data_Rate_Receive</name>
            <type>u64</type>
            <id>100</id>
            <metric>true</metric>
        </data_item>

        <data_item>
            <name>Maximum_Data_Rate_Transmit</name>
            <type>u64</type>
            <id>101</id>
            <metric>true</metric>
        </data_item>

        <data_item>
            <name>Current_Data_Rate_Receive</name>
            <type>u64</type>
            <id>102</id>
            <metric>true</metric>
        </data_item>

        <data_item>
            <name>Current_Data_Rate_Transmit</name>
            <type>u64</type>
            <id>103</id>
            <metric>true</metric>
        </data_item>

        <data_item>
            <name>Latency</name>
            <type>u64</type>
            <id>104</id>
            <metric>true</metric>
        </data_item>

        <data_item>
            <name>Resources_Receive</name>
            <type>u8</type>
            <id>105</id>
            <metric>true</metric>
            <units>percentage</units>
        </data_item>

        <data_item>
            <name>Resources_Transmit</name>
            <type>u8</type>
            <id>106</id>
            <metric>true</metric>
            <units>percentage</units>
        </data_item>

        <data_item>
            <name>Relative_Link_Quality_Receive</name>
            <type>u8</type>
            <id>107</id>
            <metric>true</metric>
            <units>percentage</units>
        </data_item>

        <data_item>
            <name>Relative_Link_Quality_Transmit</name>
            <type>u8</type>
            <id>108</id>
            <metric>true</metric>
            <units>percentage</units>
        </data_item>

        <!-- Test_v_u8 is for testing v_u8 since it's not currently used
             anywhere else. -->
        <data_item>
            <name>Test_v_u8</name> 
            <type>v_u8</type>
            <id>200</id>
            <metric>false</metric>
        </data_item>

        <data_item>
            <name>Test_div_u8_ipv4_u16</name> 
            <type>u8_ipv4_u16</type>
            <id>201</id>
            <metric>false</metric>
        </data_item>

        <data_item>
            <name>Test_div_u8_ipv6_u16</name> 
            <type>u8_ipv6_u16</type>
            <id>202</id>
            <metric>false</metric>
        </data_item>

        <data_item>
            <name>Test_div_u8_ipv4_u8</name> 
            <type>u8_ipv4_u8</type>
            <id>203</id>
            <metric>false</metric>
        </data_item>

        <data_item>
            <name>Test_div_u8_ipv6_u8</name> 
            <type>u8_ipv6_u8</type>
            <id>204</id>
            <metric>false</metric>
        </data_item>

        <data_item>
            <name>Test_u64_u64</name>
            <type>u64_u64</type>
            <id>205</id>
            <metric>true</metric>
        </data_item>

        <!-- Signals -->

        <signal>
            <name>Peer_Discovery</name>
            <id>1</id>
            <message>false</message>
            <sender>router</sender>

            <data_item>
                <name>Version</name>
                <occurs>1</occurs>
            </data_item>

            <data_item>
                <name>Heartbeat_Interval</name>
                <occurs>1</occurs>
            </data_item>
        </signal>

        <signal>
            <name>Peer_Offer</name>
            <id>2</id>
            <message>false</message>
            <sender>modem</sender>

            <data_item>
                <name>Version</name>
                <occurs>1</occurs>
            </data_item>

            <data_item>
                <name>Heartbeat_Interval</name>
                <occurs>1</occurs>
            </data_item>

            <data_item>
                <name>Peer_Type</name>
                <occurs>0-1</occurs>
            </data_item>

            <data_item>
                <name>Port</name>
                <occurs>0-1</occurs>
            </data_item>

            <data_item>
                <name>IPv4_Address</name>
                <occurs>0+</occurs>
            </data_item>

            <data_item>
                <name>IPv6_Address</name>
                <occurs>0+</occurs>
            </data_item>
        </signal>

        <signal>
            <name>Session_Initialization</name>
            <id>3</id>
            <message>true</message>
            <sender>router</sender>

            <data_item>
                <name>Version</name>
                <occurs>1</occurs>
            </data_item>

            <data_item>
                <name>Heartbeat_Interval</name>
                <occurs>1</occurs>
            </data_item>

            <data_item>
                <name>Peer_Type</name>
                <occurs>0-1</occurs>
            </data_item>

            <data_item>
                <name>Extensions_Supported</name>
                <occurs>0-1</occurs>
            </data_item>

            <data_item>
                <name>Experimental_Definition</name>
                <occurs>0+</occurs>
            </data_item>
        </signal>

        <signal>
            <name>Session_Initialization_Response</name>
            <id>4</id>
            <message>true</message>
            <sender>modem</sender>

            <data_item>
                <name>Version</name>
                <occurs>1</occurs>
            </data_item>

            <data_item>
                <name>Heartbeat_Interval</name>
                <occurs>1</occurs>
            </data_item>

            <data_item>
                <name>Maximum_Data_Rate_Receive</name>
                <occurs>1</occurs>
            </data_item>

            <data_item>
                <name>Maximum_Data_Rate_Transmit</name>
                <occurs>1</occurs>
            </data_item>

            <data_item>
                <name>Current_Data_Rate_Receive</name>
                <occurs>1</occurs>
            </data_item>

            <data_item>
                <name>Current_Data_Rate_Transmit</name>
                <occurs>1</occurs>
            </data_item>

            <data_item>
                <name>Latency</name>
                <occurs>1</occurs>
            </data_item>

            <data_item>
                <name>Status</name>
                <occurs>0-1</occurs>
            </data_item>

            <data_item>
                <name>Peer_Type</name>
                <occurs>0-1</occurs>
            </data_item>

            <data_item>
                <name>Resources_Receive</name>
                <occurs>0-1</occurs>
            </data_item>

            <data_item>
                <name>Resources_Transmit</name>
                <occurs>0-1</occurs>
            </data_item>

            <data_item>
                <name>Relative_Link_Quality_Receive</name>
                <occurs>0-1</occurs>
            </data_item>

            <data_item>
                <name>Relative_Link_Quality_Transmit</name>
                <occurs>0-1</occurs>
            </data_item>

            <data_item>
                <name>Extensions_Supported</name>
                <occurs>0-1</occurs>
            </data_item>

            <data_item>
                <name>Experimental_Definition</name>
                <occurs>0+</occurs>
            </data_item>
        </signal>

        <signal>
            <name>Session_Termination</name>
            <id>5</id>
            <message>true</message>
            <sender>both</sender>

            <data_item>
                <name>Status</name>
                <occurs>0-1</occurs>
            </data_item>
        </signal>

        <signal>
            <name>Session_Termination_Response</name>
            <id>6</id>
            <message>true</message>
            <sender>both</sender>

            <data_item>
                <name>Status</name>
                <occurs>0-1</occurs>
            </data_item>
        </signal>

        <signal>
            <name>Session_Update</name>
            <id>7</id>
            <message>true</message>
            <sender>both</sender>

            <data_item>
                <name>Maximum_Data_Rate_Receive</name>
                <occurs>0-1</occurs>
            </data_item>

            <data_item>
                <name>Maximum_Data_Rate_Transmit</name>
                <occurs>0-1</occurs>
            </data_item>

            <data_item>
                <name>Current_Data_Rate_Receive</name>
                <occurs>0-1</occurs>
            </data_item>

            <data_item>
                <name>Current_Data_Rate_Transmit</name>
                <occurs>0-1</occurs>
            </data_item>

            <data_item>
                <name>Latency</name>
                <occurs>0-1</occurs>
            </data_item>

            <data_item>
                <name>Resources_Receive</name>
                <occurs>0-1</occurs>
            </data_item>

            <data_item>
                <name>Resources_Transmit</name>
                <occurs>0-1</occurs>
            </data_item>

            <data_item>
                <name>Relative_Link_Quality_Receive</name>
                <occurs>0-1</occurs>
            </data_item>

            <data_item>
                <name>Relative_Link_Quality_Transmit</name>
                <occurs>0-1</occurs>
            </data_item>

            <data_item>
                <name>IPv4_Address</name>
                <occurs>0+</occurs>
            </data_item>

            <data_item>
                <name>IPv6_Address</name>
                <occurs>0+</occurs>
            </data_item>
        </signal>

        <signal>
            <name>Session_Update_Response</name>
            <id>8</id>
            <message>true</message>
            <sender>both</sender>

            <data_item>
                <name>Status</name>
                <occurs>0-1</occurs>
            </data_item>
        </signal>

        <signal>
            <name>Destination_Up</name>
            <id>9</id>
            <message>true</message>
            <sender>both</sender>

            <data_item>
                <name>MAC_Address</name>
                <occurs>1</occurs>
            </data_item>

            <data_item>
                <name>Maximum_Data_Rate_Receive</name>
                <occurs>0-1</occurs>
            </data_item>

            <data_item>
                <name>Maximum_Data_Rate_Transmit</name>
                <occurs>0-1</occurs>
            </data_item>

            <data_item>
                <name>Current_Data_Rate_Receive</name>
                <occurs>0-1</occurs>
            </data_item>

            <data_item>
                <name>Current_Data_Rate_Transmit</name>
                <occurs>0-1</occurs>
            </data_item>

            <data_item>
                <name>Latency</name>
                <occurs>0-1</occurs>
            </data_item>

            <data_item>
                <name>Resources_Receive</name>
                <occurs>0-1</occurs>
            </data_item>

            <data_item>
                <name>Resources_Transmit</name>
                <occurs>0-1</occurs>
            </data_item>

            <data_item>
                <name>Relative_Link_Quality_Receive</name>
                <occurs>0-1</occurs>
            </data_item>

            <data_item>
                <name>Relative_Link_Quality_Transmit</name>
                <occurs>0-1</occurs>
            </data_item>

            <data_item>
                <name>IPv4_Address</name>
                <occurs>0+</occurs>
            </data_item>

            <data_item>
                <name>IPv6_Address</name>
                <occurs>0+</occurs>
            </data_item>

            <data_item>
                <name>IPv4_Attached_Subnet</name>
                <occurs>0+</occurs>
            </data_item>

            <data_item>
                <name>IPv6_Attached_Subnet</name>
                <occurs>0+</occurs>
            </data_item>
        </signal>

        <signal>
            <name>Destination_Up_Response</name>
            <id>10</id>
            <message>true</message>
            <sender>both</sender>

            <data_item>
                <name>MAC_Address</name>
                <occurs>1</occurs>
            </data_item>

            <data_item>
                <name>Status</name>
                <occurs>0-1</occurs>
            </data_item>
        </signal>

        <signal>
            <name>Destination_Down</name>
            <id>11</id>
            <message>true</message>
            <sender>both</sender>

            <data_item>
                <name>MAC_Address</name>
                <occurs>1</occurs>
            </data_item>
        </signal>

        <signal>
            <name>Destination_Down_Response</name>
            <id>12</id>
            <message>true</message>
            <sender>both</sender>

            <data_item>
                <name>MAC_Address</name>
                <occurs>1</occurs>
            </data_item>

            <data_item>
                <name>Status</name>
                <occurs>0-1</occurs>
            </data_item>
        </signal>

        <signal>
            <name>Destination_Update</name>
            <id>13</id>
            <message>true</message>
            <sender>both</sender>

            <data_item>
                <name>MAC_Address</name>
                <occurs>1</occurs>
            </data_item>

            <data_item>
                <name>Maximum_Data_Rate_Receive</name>
                <occurs>0-1</occurs>
            </data_item>

            <data_item>
                <name>Maximum_Data_Rate_Transmit</name>
                <occurs>0-1</occurs>
            </data_item>

            <data_item>
                <name>Current_Data_Rate_Receive</name>
                <occurs>0-1</occurs>
            </data_item>

            <data_item>
                <name>Current_Data_Rate_Transmit</name>
                <occurs>0-1</occurs>
            </data_item>

            <data_item>
                <name>Latency</name>
                <occurs>0-1</occurs>
            </data_item>

            <data_item>
                <name>Resources_Receive</name>
                <occurs>0-1</occurs>
            </data_item>

            <data_item>
                <name>Resources_Transmit</name>
                <occurs>0-1</occurs>
            </data_item>

            <data_item>
                <name>Relative_Link_Quality_Receive</name>
                <occurs>0-1</occurs>
            </data_item>

            <data_item>
                <name>Relative_Link_Quality_Transmit</name>
                <occurs>0-1</occurs>
            </data_item>

            <data_item>
                <name>IPv4_Address</name>
                <occurs>0+</occurs>
            </data_item>

            <data_item>
                <name>IPv6_Address</name>
                <occurs>0+</occurs>
            </data_item>

            <data_item>
                <name>IPv4_Attached_Subnet</name>
                <occurs>0+</occurs>
            </data_item>

            <data_item>
                <name>IPv6_Attached_Subnet</name>
                <occurs>0+</occurs>
            </data_item>
        </signal>

        <signal>
            <name>Link_Characteristics_Request</name>
            <id>14</id>
            <message>true</message>
            <sender>router</sender>

            <data_item>
                <name>MAC_Address</name>
                <occurs>1</occurs>
            </data_item>

            <data_item>
                <name>Link_Characteristics_Response_Timer</name>
                <occurs>0-1</occurs>
            </data_item>

            <data_item>
                <name>Current_Data_Rate_Receive</name>
                <occurs>0-1</occurs>
            </data_item>

            <data_item>
                <name>Current_Data_Rate_Transmit</name>
                <occurs>0-1</occurs>
            </data_item>

            <data_item>
                <name>Latency</name>
                <occurs>0-1</occurs>
            </data_item>
        </signal>

        <signal>
            <name>Link_Characteristics_Response</name>
            <id>15</id>
            <message>true</message>
            <sender>modem</sender>

            <data_item>
                <name>MAC_Address</name>
                <occurs>1</occurs>
            </data_item>

            <data_item>
                <name>Current_Data_Rate_Receive</name>
                <occurs>0-1</occurs>
            </data_item>

            <data_item>
                <name>Current_Data_Rate_Transmit</name>
                <occurs>0-1</occurs>
            </data_item>

            <data_item>
                <name>Latency</name>
                <occurs>0-1</occurs>
            </data_item>

            <data_item>
                <name>Resources_Receive</name>
                <occurs>0-1</occurs>
            </data_item>

            <data_item>
                <name>Resources_Transmit</name>
                <occurs>0-1</occurs>
            </data_item>

            <data_item>
                <name>Relative_Link_Quality_Receive</name>
                <occurs>0-1</occurs>
            </data_item>

            <data_item>
                <name>Relative_Link_Quality_Transmit</name>
                <occurs>0-1</occurs>
            </data_item>

            <data_item>
                <name>Status</name>
                <occurs>0-1</occurs>
            </data_item>
        </signal>

        <signal>
            <name>Heartbeat</name>
            <id>16</id>
            <message>true</message>
            <sender>both</sender>
        </signal>

        <!-- Status Codes -->

        <status_code>
            <name>Success</name>
            <id>0</id>
            <failure_mode>continue</failure_mode>
        </status_code>

        <status_code>
            <name>Unknown_Message</name>
            <id>1</id>
            <failure_mode>terminate</failure_mode>
        </status_code>

        <status_code>
            <name>Invalid_Message</name>
            <id>2</id>
            <failure_mode>terminate</failure_mode>
        </status_code>

        <status_code>
            <name>Unexpected_Message</name>
            <id>3</id>
            <failure_mode>terminate</failure_mode>
        </status_code>

        <status_code>
            <name>Request_Denied</name>
            <id>4</id>
            <failure_mode>continue</failure_mode>
        </status_code>

        <status_code>
            <name>Timed_Out</name>
            <id>5</id>
            <failure_mode>terminate</failure_mode>
        </status_code>

    </module>

    <!--
        Include extension modules like this:

        <xi:include href="sample-extension.xml"/>

        The included XML file *must* be well-formed XML by itself.
        Arbitrary chunks of XML taken out of context may not be
        well-formed.  The same chunks of XML can pass validation when
        present directly in the file, but can fail when moved to an
        included file.  The recommended approach is for each included
        file to contain one module, enclosed in <module> ... </module>.
    -->

</dlep>
